<?xml version="1.0" encoding="UTF-8"?>
<!-- Generated by org.testng.reporters.JUnitReportReporter -->
<testsuite hostname="Sarvesh" failures="0" tests="1" name="DemoTesting.Demo123.TestCaseDemo" time="1.546" errors="0" timestamp="2023-06-09T00:15:29 IST" skipped="0">
  <testcase classname="DemoTesting.Demo123.TestCaseDemo" name="Scenario" time="1.546"/>
  <system-out/>
</testsuite> <!-- DemoTesting.Demo123.TestCaseDemo -->
