<?xml version="1.0" encoding="UTF-8"?>
<!-- Generated by org.testng.reporters.JUnitReportReporter -->
<testsuite hostname="Sarvesh" failures="0" tests="2" name="DemoTesting.Demo123.TestCase1" time="75.670" errors="0" timestamp="12 Jun 2023 07:12:05 GMT" skipped="0">
  <testcase classname="DemoTesting.Demo123.TestCase1" name="test1" time="41.655"/>
  <testcase classname="DemoTesting.Demo123.TestCase1" name="test1" time="34.015"/>
</testsuite> <!-- DemoTesting.Demo123.TestCase1 -->
